<?xml version="1.0" encoding="UTF-8"?>
<!-- Generated by org.testng.reporters.JUnitXMLReporter -->
<testsuite ignored="0" hostname="DESKTOP-V6M2FT0" failures="0" tests="2" name="TestNGRegisterPageTest.java" time="5.826" errors="0" timestamp="2024-11-13T12:10:26 PST">
  <testcase classname="test.java.TestNGRegisterPageTest" name="testPlaceholders" time="0.296"/>
  <testcase classname="test.java.TestNGRegisterPageTest" name="testHeaderMsg" time="1.012"/>
</testsuite> <!-- TestNGRegisterPageTest.java -->
